<?xml version="1.0" encoding="UTF-8"?>
<!-- Generated by org.testng.reporters.JUnitXMLReporter -->
<testsuite ignored="0" hostname="DELL" failures="0" tests="12" name="Test" time="78.054" errors="0" timestamp="2024-12-26T12:48:41 IST">
  <testcase classname="api.test.petTests2" name="testpostPet" time="10.652"/>
  <testcase classname="api.test.petTests2" name="testuploadImage" time="8.063"/>
  <testcase classname="api.test.petTests2" name="testgetPet" time="4.005"/>
  <testcase classname="api.test.petTests2" name="testupdatePet" time="7.216"/>
  <testcase classname="api.test.petTests2" name="testdeletePet" time="6.586"/>
  <testcase classname="api.test.storeTests2" name="testpostOrder" time="4.064"/>
  <testcase classname="api.test.storeTests2" name="testgetOrder" time="8.501"/>
  <testcase classname="api.test.storeTests2" name="testdeletOrder" time="4.389"/>
  <testcase classname="api.test.userTests2" name="testPostUser" time="9.538"/>
  <testcase classname="api.test.userTests2" name="testgetUser" time="5.007"/>
  <testcase classname="api.test.userTests2" name="testPutUser" time="7.38"/>
  <testcase classname="api.test.userTests2" name="testdeleteUser" time="1.823"/>
</testsuite> <!-- Test -->
