<?xml version="1.0" encoding="UTF-8"?>
<!-- Generated by org.testng.reporters.JUnitXMLReporter -->
<testsuite ignored="0" hostname="DELL" failures="0" tests="12" name="Test" time="39.439" errors="0" timestamp="2024-12-24T16:41:32 IST">
  <testcase classname="api.test.petTests" name="testpostPet" time="4.793"/>
  <testcase classname="api.test.petTests" name="testuploadImage" time="5.299"/>
  <testcase classname="api.test.petTests" name="testgetPet" time="3.294"/>
  <testcase classname="api.test.petTests" name="testupdatePet" time="4.584"/>
  <testcase classname="api.test.petTests" name="testdeletePet" time="2.611"/>
  <testcase classname="api.test.storeTests" name="testpostOrder" time="1.799"/>
  <testcase classname="api.test.storeTests" name="testgetOrder" time="2.251"/>
  <testcase classname="api.test.storeTests" name="testdeletOrder" time="2.088"/>
  <testcase classname="api.test.userTests" name="testPostUser" time="1.826"/>
  <testcase classname="api.test.userTests" name="testgetUser" time="2.872"/>
  <testcase classname="api.test.userTests" name="testPutUser" time="5.105"/>
  <testcase classname="api.test.userTests" name="testdeleteUser" time="2.507"/>
</testsuite> <!-- Test -->
