<?xml version="1.0" encoding="UTF-8"?>
<!-- Generated by org.testng.reporters.JUnitXMLReporter -->
<testsuite ignored="0" hostname="DELL" failures="0" tests="8" name="UserTest" time="24.113" errors="0" timestamp="2024-12-23T16:57:59 IST">
  <testcase classname="api.test.petTests" name="testpostPet" time="3.915"/>
  <testcase classname="api.test.petTests" name="testgetPet" time="2.78"/>
  <testcase classname="api.test.petTests" name="testupdatePet" time="3.679"/>
  <testcase classname="api.test.petTests" name="testdeletePet" time="1.258"/>
  <testcase classname="api.test.userTests" name="testPostUser" time="2.356"/>
  <testcase classname="api.test.userTests" name="testgetUser" time="2.312"/>
  <testcase classname="api.test.userTests" name="testPutUser" time="4.842"/>
  <testcase classname="api.test.userTests" name="testdeleteUser" time="2.133"/>
</testsuite> <!-- UserTest -->
