<?xml version="1.0" encoding="UTF-8"?>
<!-- Generated by org.testng.reporters.JUnitXMLReporter -->
<testsuite ignored="0" hostname="DELL" failures="0" tests="4" name="Default test" time="13.073" errors="0" timestamp="2024-12-23T16:38:55 IST">
  <testcase classname="api.test.petTests" name="testpostPet" time="3.45"/>
  <testcase classname="api.test.petTests" name="testgetPet" time="2.455"/>
  <testcase classname="api.test.petTests" name="testupdatePet" time="4.572"/>
  <testcase classname="api.test.petTests" name="testdeletePet" time="2.37"/>
</testsuite> <!-- Default test -->
