<?xml version="1.0" encoding="UTF-8"?>
<!-- Generated by org.testng.reporters.JUnitXMLReporter -->
<testsuite ignored="0" hostname="DELL" failures="0" tests="4" name="Default test" time="14.048" errors="0" timestamp="2024-12-21T15:13:19 IST">
  <testcase classname="api.test.userTests2" name="testPostUser" time="3.985"/>
  <testcase classname="api.test.userTests2" name="testgetUser" time="2.591"/>
  <testcase classname="api.test.userTests2" name="testPutUser" time="4.616"/>
  <testcase classname="api.test.userTests2" name="testdeleteUser" time="2.177"/>
</testsuite> <!-- Default test -->
