<?xml version="1.0" encoding="UTF-8"?>
<testsuite xmlns:xsi="http://www.w3.org/2001/XMLSchema-instance" xsi:noNamespaceSchemaLocation="https://maven.apache.org/surefire/maven-surefire-plugin/xsd/surefire-test-report.xsd" version="3.0.2" name="TestSuite" time="40.567" tests="12" errors="0" skipped="0" failures="0">
  <properties>
[...]
</properties>
  <testcase name="testpostPet[org.testng.TestRunner@265c1a7c](1)" classname="api.test.petTests" time="4.798">
    <system-out><![CDATA[Request method:	POST
Request URI:	https://petstore.swagger.io/v2/pet
Proxy:			<none>
Request params:	<none>
Query params:	<none>
Form params:	<none>
Path params:	<none>
Headers:		Accept=application/json
				Content-Type=application/json
Cookies:		<none>
Multiparts:		<none>
Body:
{
    "id": 7,
    "category": {
        "id": 764358458,
        "name": "Malinois"
    },
    "name": "Rocky",
    "photoUrls": [
        "www.claude-hermann.co",
        "www.vernita-hintz.info"
    ],
    "tags": [
        {
            "id": 6,
            "name": "Zeus"
        },
        {
            "id": 4,
            "name": "Sasha"
        }
    ],
    "status": "available"
}
HTTP/1.1 200 OK
Date: Tue, 24 Dec 2024 11:10:56 GMT
Content-Type: application/json
Transfer-Encoding: chunked
Connection: keep-alive
Access-Control-Allow-Origin: *
Access-Control-Allow-Methods: GET, POST, DELETE, PUT
Access-Control-Allow-Headers: Content-Type, api_key, Authorization
Server: Jetty(9.2.9.v20150224)

{
    "id": 7,
    "category": {
        "id": 764358458,
        "name": "Malinois"
    },
    "name": "Rocky",
    "photoUrls": [
        "www.claude-hermann.co",
        "www.vernita-hintz.info"
    ],
    "tags": [
        {
            "id": 6,
            "name": "Zeus"
        },
        {
            "id": 4,
            "name": "Sasha"
        }
    ],
    "status": "available"
}
]]></system-out>
  </testcase>
  <testcase name="testuploadImage" classname="api.test.petTests" time="5.303">
    <system-out><![CDATA[HTTP/1.1 200 OK
Date: Tue, 24 Dec 2024 11:11:02 GMT
Content-Type: application/json
Transfer-Encoding: chunked
Connection: keep-alive
Access-Control-Allow-Origin: *
Access-Control-Allow-Methods: GET, POST, DELETE, PUT
Access-Control-Allow-Headers: Content-Type, api_key, Authorization
Server: Jetty(9.2.9.v20150224)

{
    "code": 200,
    "type": "unknown",
    "message": "additionalMetadata: jpg\nFile uploaded to ./Dog.jpg, 889425 bytes"
}
]]></system-out>
  </testcase>
  <testcase name="testgetPet" classname="api.test.petTests" time="3.292">
    <system-out><![CDATA[HTTP/1.1 200 OK
Date: Tue, 24 Dec 2024 11:11:05 GMT
Content-Type: application/json
Transfer-Encoding: chunked
Connection: keep-alive
Access-Control-Allow-Origin: *
Access-Control-Allow-Methods: GET, POST, DELETE, PUT
Access-Control-Allow-Headers: Content-Type, api_key, Authorization
Server: Jetty(9.2.9.v20150224)

{
    "id": 7,
    "category": {
        "id": 764358458,
        "name": "Malinois"
    },
    "name": "Rocky",
    "photoUrls": [
        "www.claude-hermann.co",
        "www.vernita-hintz.info"
    ],
    "tags": [
        {
            "id": 6,
            "name": "Zeus"
        },
        {
            "id": 4,
            "name": "Sasha"
        }
    ],
    "status": "available"
}
]]></system-out>
  </testcase>
  <testcase name="testupdatePet" classname="api.test.petTests" time="4.585">
    <system-out><![CDATA[HTTP/1.1 200 OK
Date: Tue, 24 Dec 2024 11:11:07 GMT
Content-Type: application/json
Transfer-Encoding: chunked
Connection: keep-alive
Access-Control-Allow-Origin: *
Access-Control-Allow-Methods: GET, POST, DELETE, PUT
Access-Control-Allow-Headers: Content-Type, api_key, Authorization
Server: Jetty(9.2.9.v20150224)

{
    "code": 200,
    "type": "unknown",
    "message": "7"
}
HTTP/1.1 200 OK
Date: Tue, 24 Dec 2024 11:11:10 GMT
Content-Type: application/json
Transfer-Encoding: chunked
Connection: keep-alive
Access-Control-Allow-Origin: *
Access-Control-Allow-Methods: GET, POST, DELETE, PUT
Access-Control-Allow-Headers: Content-Type, api_key, Authorization
Server: Jetty(9.2.9.v20150224)

{
    "id": 7,
    "category": {
        "id": 764358458,
        "name": "Malinois"
    },
    "name": "Roxie",
    "photoUrls": [
        "www.claude-hermann.co",
        "www.vernita-hintz.info"
    ],
    "tags": [
        {
            "id": 6,
            "name": "Zeus"
        },
        {
            "id": 4,
            "name": "Sasha"
        }
    ],
    "status": "unavailable"
}
]]></system-out>
  </testcase>
  <testcase name="testdeletePet" classname="api.test.petTests" time="2.613">
    <system-out><![CDATA[HTTP/1.1 200 OK
Date: Tue, 24 Dec 2024 11:11:12 GMT
Content-Type: application/json
Transfer-Encoding: chunked
Connection: keep-alive
Access-Control-Allow-Origin: *
Access-Control-Allow-Methods: GET, POST, DELETE, PUT
Access-Control-Allow-Headers: Content-Type, api_key, Authorization
Server: Jetty(9.2.9.v20150224)

{
    "code": 200,
    "type": "unknown",
    "message": "7"
}
]]></system-out>
  </testcase>
  <testcase name="testpostOrder[org.testng.TestRunner@265c1a7c](1)" classname="api.test.storeTests" time="1.799">
    <system-out><![CDATA[Request method:	POST
Request URI:	https://petstore.swagger.io/v2/store/order
Proxy:			<none>
Request params:	<none>
Query params:	<none>
Form params:	<none>
Path params:	<none>
Headers:		Accept=application/json
				Content-Type=application/json
Cookies:		<none>
Multiparts:		<none>
Body:
{
    "id": 9,
    "petId": 7,
    "quantity": 8,
    "shipDate": "2025-01-02T16:09:09.540Z",
    "status": "placed",
    "complete": false
}
HTTP/1.1 200 OK
Date: Tue, 24 Dec 2024 11:11:14 GMT
Content-Type: application/json
Transfer-Encoding: chunked
Connection: keep-alive
Access-Control-Allow-Origin: *
Access-Control-Allow-Methods: GET, POST, DELETE, PUT
Access-Control-Allow-Headers: Content-Type, api_key, Authorization
Server: Jetty(9.2.9.v20150224)

{
    "id": 9,
    "petId": 7,
    "quantity": 8,
    "shipDate": "2025-01-02T16:09:09.540+0000",
    "status": "placed",
    "complete": false
}
]]></system-out>
  </testcase>
  <testcase name="testgetOrder" classname="api.test.storeTests" time="2.254">
    <system-out><![CDATA[HTTP/1.1 200 OK
Date: Tue, 24 Dec 2024 11:11:16 GMT
Content-Type: application/json
Transfer-Encoding: chunked
Connection: keep-alive
Access-Control-Allow-Origin: *
Access-Control-Allow-Methods: GET, POST, DELETE, PUT
Access-Control-Allow-Headers: Content-Type, api_key, Authorization
Server: Jetty(9.2.9.v20150224)

{
    "id": 9,
    "petId": 7,
    "quantity": 8,
    "shipDate": "2025-01-02T16:09:09.540+0000",
    "status": "placed",
    "complete": false
}
]]></system-out>
  </testcase>
  <testcase name="testdeletOrder" classname="api.test.storeTests" time="2.089">
    <system-out><![CDATA[HTTP/1.1 200 OK
Date: Tue, 24 Dec 2024 11:11:18 GMT
Content-Type: application/json
Transfer-Encoding: chunked
Connection: keep-alive
Access-Control-Allow-Origin: *
Access-Control-Allow-Methods: GET, POST, DELETE, PUT
Access-Control-Allow-Headers: Content-Type, api_key, Authorization
Server: Jetty(9.2.9.v20150224)

{
    "code": 200,
    "type": "unknown",
    "message": "9"
}
]]></system-out>
  </testcase>
  <testcase name="testPostUser" classname="api.test.userTests" time="1.828">
    <system-out><![CDATA[Request method:	POST
Request URI:	https://petstore.swagger.io/v2/user
Proxy:			<none>
Request params:	<none>
Query params:	<none>
Form params:	<none>
Path params:	<none>
Headers:		Accept=application/json
				Content-Type=application/json
Cookies:		<none>
Multiparts:		<none>
Body:
{
    "id": 571349883,
    "username": "maryland.hartmann",
    "firstName": "Justin",
    "lastName": "Wiegand",
    "email": "christian.langworth@gmail.com",
    "password": "nhe14jkj",
    "phone": "533-434-4314",
    "userStatus": 0
}
HTTP/1.1 200 OK
Date: Tue, 24 Dec 2024 11:11:20 GMT
Content-Type: application/json
Transfer-Encoding: chunked
Connection: keep-alive
Access-Control-Allow-Origin: *
Access-Control-Allow-Methods: GET, POST, DELETE, PUT
Access-Control-Allow-Headers: Content-Type, api_key, Authorization
Server: Jetty(9.2.9.v20150224)

{
    "code": 200,
    "type": "unknown",
    "message": "571349883"
}
]]></system-out>
  </testcase>
  <testcase name="testgetUser" classname="api.test.userTests" time="2.875">
    <system-out><![CDATA[HTTP/1.1 200 OK
Date: Tue, 24 Dec 2024 11:11:23 GMT
Content-Type: application/json
Transfer-Encoding: chunked
Connection: keep-alive
Access-Control-Allow-Origin: *
Access-Control-Allow-Methods: GET, POST, DELETE, PUT
Access-Control-Allow-Headers: Content-Type, api_key, Authorization
Server: Jetty(9.2.9.v20150224)

{
    "id": 571349883,
    "username": "maryland.hartmann",
    "firstName": "Justin",
    "lastName": "Wiegand",
    "email": "christian.langworth@gmail.com",
    "password": "nhe14jkj",
    "phone": "533-434-4314",
    "userStatus": 0
}
]]></system-out>
  </testcase>
  <testcase name="testPutUser" classname="api.test.userTests" time="5.105">
    <system-out><![CDATA[HTTP/1.1 200 OK
Date: Tue, 24 Dec 2024 11:11:26 GMT
Content-Type: application/json
Transfer-Encoding: chunked
Connection: keep-alive
Access-Control-Allow-Origin: *
Access-Control-Allow-Methods: GET, POST, DELETE, PUT
Access-Control-Allow-Headers: Content-Type, api_key, Authorization
Server: Jetty(9.2.9.v20150224)

{
    "code": 200,
    "type": "unknown",
    "message": "571349883"
}
HTTP/1.1 200 OK
Date: Tue, 24 Dec 2024 11:11:28 GMT
Content-Type: application/json
Transfer-Encoding: chunked
Connection: keep-alive
Access-Control-Allow-Origin: *
Access-Control-Allow-Methods: GET, POST, DELETE, PUT
Access-Control-Allow-Headers: Content-Type, api_key, Authorization
Server: Jetty(9.2.9.v20150224)

{
    "id": 571349883,
    "username": "maryland.hartmann",
    "firstName": "Sebastian",
    "lastName": "Sipes",
    "email": "sari.armstrong@gmail.com",
    "password": "8iw5ux4u",
    "phone": "890.618.1438",
    "userStatus": 0
}
]]></system-out>
  </testcase>
  <testcase name="testdeleteUser" classname="api.test.userTests" time="2.51">
    <system-out><![CDATA[HTTP/1.1 200 OK
Date: Tue, 24 Dec 2024 11:11:31 GMT
Content-Type: application/json
Transfer-Encoding: chunked
Connection: keep-alive
Access-Control-Allow-Origin: *
Access-Control-Allow-Methods: GET, POST, DELETE, PUT
Access-Control-Allow-Headers: Content-Type, api_key, Authorization
Server: Jetty(9.2.9.v20150224)

{
    "id": 571349883,
    "username": "maryland.hartmann",
    "firstName": "Sebastian",
    "lastName": "Sipes",
    "email": "sari.armstrong@gmail.com",
    "password": "8iw5ux4u",
    "phone": "890.618.1438",
    "userStatus": 0
}
]]></system-out>
  </testcase>
</testsuite>