<?xml version="1.0" encoding="UTF-8"?>
<testng-results ignored="0" total="12" passed="12" failed="0" skipped="0">
  <reporter-output>
  </reporter-output>
  <suite started-at="2024-12-26T12:47:22 IST" name="PetStoreSuite" finished-at="2024-12-26T12:48:40 IST" duration-ms="78054">
    <groups>
    </groups>
    <test started-at="2024-12-26T12:47:22 IST" name="Test" finished-at="2024-12-26T12:48:40 IST" duration-ms="78054">
      <class name="api.test.petTests2">
        <test-method is-config="true" signature="setData()[pri:0, instance:api.test.petTests2@2289aca5]" started-at="2024-12-26T12:47:22 IST" name="setData" finished-at="2024-12-26T12:47:23 IST" duration-ms="348" status="PASS">
          <reporter-output>
          </reporter-output>
        </test-method> <!-- setData -->
        <test-method signature="testpostPet(org.testng.ITestContext)[pri:1, instance:api.test.petTests2@2289aca5]" started-at="2024-12-26T12:47:23 IST" name="testpostPet" finished-at="2024-12-26T12:47:33 IST" duration-ms="10652" status="PASS">
          <params>
            <param index="0">
              <value>
                <![CDATA[org.testng.TestRunner@33324c05]]>
              </value>
            </param>
          </params>
          <reporter-output>
          </reporter-output>
        </test-method> <!-- testpostPet -->
        <test-method signature="testuploadImage()[pri:2, instance:api.test.petTests2@2289aca5]" started-at="2024-12-26T12:47:33 IST" name="testuploadImage" finished-at="2024-12-26T12:47:42 IST" duration-ms="8063" status="PASS">
          <reporter-output>
          </reporter-output>
        </test-method> <!-- testuploadImage -->
        <test-method signature="testgetPet()[pri:3, instance:api.test.petTests2@2289aca5]" started-at="2024-12-26T12:47:42 IST" name="testgetPet" finished-at="2024-12-26T12:47:46 IST" duration-ms="4005" status="PASS">
          <reporter-output>
          </reporter-output>
        </test-method> <!-- testgetPet -->
        <test-method signature="testupdatePet()[pri:4, instance:api.test.petTests2@2289aca5]" started-at="2024-12-26T12:47:46 IST" name="testupdatePet" finished-at="2024-12-26T12:47:53 IST" duration-ms="7216" status="PASS">
          <reporter-output>
          </reporter-output>
        </test-method> <!-- testupdatePet -->
        <test-method signature="testdeletePet()[pri:5, instance:api.test.petTests2@2289aca5]" started-at="2024-12-26T12:47:53 IST" name="testdeletePet" finished-at="2024-12-26T12:47:59 IST" duration-ms="6586" status="PASS">
          <reporter-output>
          </reporter-output>
        </test-method> <!-- testdeletePet -->
      </class> <!-- api.test.petTests2 -->
      <class name="api.test.userTests2">
        <test-method is-config="true" signature="setup()[pri:0, instance:api.test.userTests2@6ffab045]" started-at="2024-12-26T12:48:16 IST" name="setup" finished-at="2024-12-26T12:48:16 IST" duration-ms="91" status="PASS">
          <reporter-output>
          </reporter-output>
        </test-method> <!-- setup -->
        <test-method signature="testPostUser()[pri:1, instance:api.test.userTests2@6ffab045]" started-at="2024-12-26T12:48:16 IST" name="testPostUser" finished-at="2024-12-26T12:48:26 IST" duration-ms="9538" status="PASS">
          <reporter-output>
          </reporter-output>
        </test-method> <!-- testPostUser -->
        <test-method signature="testgetUser()[pri:2, instance:api.test.userTests2@6ffab045]" started-at="2024-12-26T12:48:26 IST" name="testgetUser" finished-at="2024-12-26T12:48:31 IST" duration-ms="5007" status="PASS">
          <reporter-output>
          </reporter-output>
        </test-method> <!-- testgetUser -->
        <test-method signature="testPutUser()[pri:3, instance:api.test.userTests2@6ffab045]" started-at="2024-12-26T12:48:31 IST" name="testPutUser" finished-at="2024-12-26T12:48:38 IST" duration-ms="7380" status="PASS">
          <reporter-output>
          </reporter-output>
        </test-method> <!-- testPutUser -->
        <test-method signature="testdeleteUser()[pri:4, instance:api.test.userTests2@6ffab045]" started-at="2024-12-26T12:48:38 IST" name="testdeleteUser" finished-at="2024-12-26T12:48:40 IST" duration-ms="1823" status="PASS">
          <reporter-output>
          </reporter-output>
        </test-method> <!-- testdeleteUser -->
      </class> <!-- api.test.userTests2 -->
      <class name="api.test.storeTests2">
        <test-method is-config="true" signature="setUp()[pri:0, instance:api.test.storeTests2@f9d87b]" started-at="2024-12-26T12:47:22 IST" name="setUp" finished-at="2024-12-26T12:47:22 IST" duration-ms="64" status="PASS">
          <reporter-output>
          </reporter-output>
        </test-method> <!-- setUp -->
        <test-method signature="testpostOrder(org.testng.ITestContext)[pri:1, instance:api.test.storeTests2@f9d87b]" started-at="2024-12-26T12:47:59 IST" name="testpostOrder" finished-at="2024-12-26T12:48:03 IST" duration-ms="4064" status="PASS">
          <params>
            <param index="0">
              <value>
                <![CDATA[org.testng.TestRunner@33324c05]]>
              </value>
            </param>
          </params>
          <reporter-output>
          </reporter-output>
        </test-method> <!-- testpostOrder -->
        <test-method signature="testgetOrder()[pri:2, instance:api.test.storeTests2@f9d87b]" started-at="2024-12-26T12:48:03 IST" name="testgetOrder" finished-at="2024-12-26T12:48:12 IST" duration-ms="8501" status="PASS">
          <reporter-output>
          </reporter-output>
        </test-method> <!-- testgetOrder -->
        <test-method signature="testdeletOrder()[pri:3, instance:api.test.storeTests2@f9d87b]" started-at="2024-12-26T12:48:12 IST" name="testdeletOrder" finished-at="2024-12-26T12:48:16 IST" duration-ms="4389" status="PASS">
          <reporter-output>
          </reporter-output>
        </test-method> <!-- testdeletOrder -->
      </class> <!-- api.test.storeTests2 -->
    </test> <!-- Test -->
  </suite> <!-- PetStoreSuite -->
</testng-results>
