<?xml version="1.0" encoding="UTF-8"?>
<testng-results ignored="0" total="4" passed="4" failed="0" skipped="0">
  <reporter-output>
  </reporter-output>
  <suite started-at="2024-12-21T17:14:51 IST" name="PetStoreSuite" finished-at="2024-12-21T17:15:28 IST" duration-ms="36737">
    <groups>
    </groups>
    <test started-at="2024-12-21T17:14:51 IST" name="UserTest" finished-at="2024-12-21T17:15:28 IST" duration-ms="36737">
      <class name="api.test.userTests2">
        <test-method is-config="true" signature="setup()[pri:0, instance:api.test.userTests2@67d48005]" started-at="2024-12-21T17:14:51 IST" name="setup" finished-at="2024-12-21T17:14:52 IST" duration-ms="879" status="PASS">
          <reporter-output>
          </reporter-output>
        </test-method> <!-- setup -->
        <test-method signature="testPostUser()[pri:1, instance:api.test.userTests2@67d48005]" started-at="2024-12-21T17:14:52 IST" name="testPostUser" finished-at="2024-12-21T17:14:59 IST" duration-ms="7039" status="PASS">
          <reporter-output>
          </reporter-output>
        </test-method> <!-- testPostUser -->
        <test-method signature="testgetUser()[pri:2, instance:api.test.userTests2@67d48005]" started-at="2024-12-21T17:14:59 IST" name="testgetUser" finished-at="2024-12-21T17:15:08 IST" duration-ms="8806" status="PASS">
          <reporter-output>
          </reporter-output>
        </test-method> <!-- testgetUser -->
        <test-method signature="testPutUser()[pri:3, instance:api.test.userTests2@67d48005]" started-at="2024-12-21T17:15:08 IST" name="testPutUser" finished-at="2024-12-21T17:15:21 IST" duration-ms="13376" status="PASS">
          <reporter-output>
          </reporter-output>
        </test-method> <!-- testPutUser -->
        <test-method signature="testdeleteUser()[pri:4, instance:api.test.userTests2@67d48005]" started-at="2024-12-21T17:15:21 IST" name="testdeleteUser" finished-at="2024-12-21T17:15:28 IST" duration-ms="6317" status="PASS">
          <reporter-output>
          </reporter-output>
        </test-method> <!-- testdeleteUser -->
      </class> <!-- api.test.userTests2 -->
    </test> <!-- UserTest -->
  </suite> <!-- PetStoreSuite -->
</testng-results>
