<?xml version="1.0" encoding="UTF-8"?>
<testng-results ignored="0" total="12" passed="12" failed="0" skipped="0">
  <reporter-output>
  </reporter-output>
  <suite started-at="2024-12-26T12:45:01 IST" name="PetStoreSuite" finished-at="2024-12-26T12:46:08 IST" duration-ms="67012">
    <groups>
    </groups>
    <test started-at="2024-12-26T12:45:01 IST" name="Test" finished-at="2024-12-26T12:46:08 IST" duration-ms="67012">
      <class name="api.test.petTests2">
        <test-method is-config="true" signature="setData()[pri:0, instance:api.test.petTests2@21526f6c]" started-at="2024-12-26T12:45:01 IST" name="setData" finished-at="2024-12-26T12:45:01 IST" duration-ms="232" status="PASS">
          <reporter-output>
          </reporter-output>
        </test-method> <!-- setData -->
        <test-method signature="testpostPet(org.testng.ITestContext)[pri:1, instance:api.test.petTests2@21526f6c]" started-at="2024-12-26T12:45:01 IST" name="testpostPet" finished-at="2024-12-26T12:45:10 IST" duration-ms="8454" status="PASS">
          <params>
            <param index="0">
              <value>
                <![CDATA[org.testng.TestRunner@25ce435]]>
              </value>
            </param>
          </params>
          <reporter-output>
          </reporter-output>
        </test-method> <!-- testpostPet -->
        <test-method signature="testuploadImage()[pri:2, instance:api.test.petTests2@21526f6c]" started-at="2024-12-26T12:45:10 IST" name="testuploadImage" finished-at="2024-12-26T12:45:14 IST" duration-ms="3817" status="PASS">
          <reporter-output>
          </reporter-output>
        </test-method> <!-- testuploadImage -->
        <test-method signature="testgetPet()[pri:3, instance:api.test.petTests2@21526f6c]" started-at="2024-12-26T12:45:14 IST" name="testgetPet" finished-at="2024-12-26T12:45:18 IST" duration-ms="4135" status="PASS">
          <reporter-output>
          </reporter-output>
        </test-method> <!-- testgetPet -->
        <test-method signature="testupdatePet()[pri:4, instance:api.test.petTests2@21526f6c]" started-at="2024-12-26T12:45:18 IST" name="testupdatePet" finished-at="2024-12-26T12:45:30 IST" duration-ms="11920" status="PASS">
          <reporter-output>
          </reporter-output>
        </test-method> <!-- testupdatePet -->
        <test-method signature="testdeletePet()[pri:5, instance:api.test.petTests2@21526f6c]" started-at="2024-12-26T12:45:30 IST" name="testdeletePet" finished-at="2024-12-26T12:45:33 IST" duration-ms="3029" status="PASS">
          <reporter-output>
          </reporter-output>
        </test-method> <!-- testdeletePet -->
      </class> <!-- api.test.petTests2 -->
      <class name="api.test.userTests2">
        <test-method is-config="true" signature="setup()[pri:0, instance:api.test.userTests2@66ea1466]" started-at="2024-12-26T12:45:45 IST" name="setup" finished-at="2024-12-26T12:45:45 IST" duration-ms="83" status="PASS">
          <reporter-output>
          </reporter-output>
        </test-method> <!-- setup -->
        <test-method signature="testPostUser()[pri:1, instance:api.test.userTests2@66ea1466]" started-at="2024-12-26T12:45:45 IST" name="testPostUser" finished-at="2024-12-26T12:45:48 IST" duration-ms="3270" status="PASS">
          <reporter-output>
          </reporter-output>
        </test-method> <!-- testPostUser -->
        <test-method signature="testgetUser()[pri:2, instance:api.test.userTests2@66ea1466]" started-at="2024-12-26T12:45:48 IST" name="testgetUser" finished-at="2024-12-26T12:45:53 IST" duration-ms="4957" status="PASS">
          <reporter-output>
          </reporter-output>
        </test-method> <!-- testgetUser -->
        <test-method signature="testPutUser()[pri:3, instance:api.test.userTests2@66ea1466]" started-at="2024-12-26T12:45:53 IST" name="testPutUser" finished-at="2024-12-26T12:46:02 IST" duration-ms="9269" status="PASS">
          <reporter-output>
          </reporter-output>
        </test-method> <!-- testPutUser -->
        <test-method signature="testdeleteUser()[pri:4, instance:api.test.userTests2@66ea1466]" started-at="2024-12-26T12:46:02 IST" name="testdeleteUser" finished-at="2024-12-26T12:46:08 IST" duration-ms="5486" status="PASS">
          <reporter-output>
          </reporter-output>
        </test-method> <!-- testdeleteUser -->
      </class> <!-- api.test.userTests2 -->
      <class name="api.test.storeTests2">
        <test-method is-config="true" signature="setUp()[pri:0, instance:api.test.storeTests2@5471388b]" started-at="2024-12-26T12:45:01 IST" name="setUp" finished-at="2024-12-26T12:45:01 IST" duration-ms="39" status="PASS">
          <reporter-output>
          </reporter-output>
        </test-method> <!-- setUp -->
        <test-method signature="testpostOrder(org.testng.ITestContext)[pri:1, instance:api.test.storeTests2@5471388b]" started-at="2024-12-26T12:45:33 IST" name="testpostOrder" finished-at="2024-12-26T12:45:36 IST" duration-ms="3387" status="PASS">
          <params>
            <param index="0">
              <value>
                <![CDATA[org.testng.TestRunner@25ce435]]>
              </value>
            </param>
          </params>
          <reporter-output>
          </reporter-output>
        </test-method> <!-- testpostOrder -->
        <test-method signature="testgetOrder()[pri:2, instance:api.test.storeTests2@5471388b]" started-at="2024-12-26T12:45:36 IST" name="testgetOrder" finished-at="2024-12-26T12:45:41 IST" duration-ms="4379" status="PASS">
          <reporter-output>
          </reporter-output>
        </test-method> <!-- testgetOrder -->
        <test-method signature="testdeletOrder()[pri:3, instance:api.test.storeTests2@5471388b]" started-at="2024-12-26T12:45:41 IST" name="testdeletOrder" finished-at="2024-12-26T12:45:45 IST" duration-ms="4228" status="PASS">
          <reporter-output>
          </reporter-output>
        </test-method> <!-- testdeletOrder -->
      </class> <!-- api.test.storeTests2 -->
    </test> <!-- Test -->
  </suite> <!-- PetStoreSuite -->
</testng-results>
