<?xml version="1.0" encoding="UTF-8"?>
<!-- Generated by org.testng.reporters.JUnitXMLReporter -->
<testsuite ignored="0" hostname="DELL" failures="0" tests="12" name="PetStoreTest" time="0.299" errors="0" timestamp="2024-12-24T15:47:08 IST">
  <testcase classname="api.test.storeTests" name="@BeforeTest setUp" time="0.027">
    <failure type="java.lang.NullPointerException" message="Cannot invoke &amp;quot;java.lang.Integer.intValue()&amp;quot; because the return value of &amp;quot;org.testng.ITestContext.getAttribute(String)&amp;quot; is null">
      <![CDATA[java.lang.NullPointerException: Cannot invoke "java.lang.Integer.intValue()" because the return value of "org.testng.ITestContext.getAttribute(String)" is null
at api.test.storeTests.setUp(storeTests.java:26)
... Removed 24 stack frames]]>
    </failure>
  </testcase> <!-- @BeforeTest setUp -->
  <testcase classname="api.test.petTests" name="@BeforeClass setData" time="0.0">
    <skipped/>
  </testcase> <!-- @BeforeClass setData -->
  <testcase classname="api.test.userTests" name="@BeforeClass setup" time="0.0">
    <skipped/>
  </testcase> <!-- @BeforeClass setup -->
  <testcase classname="api.test.petTests" name="testpostPet" time="0.0">
    <skipped/>
  </testcase> <!-- testpostPet -->
  <testcase classname="api.test.petTests" name="testuploadImage" time="0.0">
    <skipped/>
  </testcase> <!-- testuploadImage -->
  <testcase classname="api.test.petTests" name="testgetPet" time="0.0">
    <skipped/>
  </testcase> <!-- testgetPet -->
  <testcase classname="api.test.petTests" name="testupdatePet" time="0.0">
    <skipped/>
  </testcase> <!-- testupdatePet -->
  <testcase classname="api.test.petTests" name="testdeletePet" time="0.0">
    <skipped/>
  </testcase> <!-- testdeletePet -->
  <testcase classname="api.test.storeTests" name="testpostOrder" time="0.0">
    <skipped/>
  </testcase> <!-- testpostOrder -->
  <testcase classname="api.test.storeTests" name="testgetOrder" time="0.0">
    <skipped/>
  </testcase> <!-- testgetOrder -->
  <testcase classname="api.test.storeTests" name="testdeletOrder" time="0.0">
    <skipped/>
  </testcase> <!-- testdeletOrder -->
  <testcase classname="api.test.userTests" name="testPostUser" time="0.0">
    <skipped/>
  </testcase> <!-- testPostUser -->
  <testcase classname="api.test.userTests" name="testgetUser" time="0.0">
    <skipped/>
  </testcase> <!-- testgetUser -->
  <testcase classname="api.test.userTests" name="testPutUser" time="0.0">
    <skipped/>
  </testcase> <!-- testPutUser -->
  <testcase classname="api.test.userTests" name="testdeleteUser" time="0.0">
    <skipped/>
  </testcase> <!-- testdeleteUser -->
</testsuite> <!-- PetStoreTest -->
