<?xml version="1.0" encoding="UTF-8"?>
<!-- Generated by org.testng.reporters.JUnitXMLReporter -->
<testsuite ignored="0" hostname="DELL" failures="0" tests="12" name="Test" time="67.012" errors="0" timestamp="2024-12-26T12:46:08 IST">
  <testcase classname="api.test.petTests2" name="testpostPet" time="8.454"/>
  <testcase classname="api.test.petTests2" name="testuploadImage" time="3.817"/>
  <testcase classname="api.test.petTests2" name="testgetPet" time="4.135"/>
  <testcase classname="api.test.petTests2" name="testupdatePet" time="11.92"/>
  <testcase classname="api.test.petTests2" name="testdeletePet" time="3.029"/>
  <testcase classname="api.test.storeTests2" name="testpostOrder" time="3.387"/>
  <testcase classname="api.test.storeTests2" name="testgetOrder" time="4.379"/>
  <testcase classname="api.test.storeTests2" name="testdeletOrder" time="4.228"/>
  <testcase classname="api.test.userTests2" name="testPostUser" time="3.27"/>
  <testcase classname="api.test.userTests2" name="testgetUser" time="4.957"/>
  <testcase classname="api.test.userTests2" name="testPutUser" time="9.269"/>
  <testcase classname="api.test.userTests2" name="testdeleteUser" time="5.486"/>
</testsuite> <!-- Test -->
