<?xml version="1.0" encoding="UTF-8"?>
<!-- Generated by org.testng.reporters.JUnitXMLReporter -->
<testsuite ignored="0" hostname="DELL" failures="0" tests="12" name="Test" time="38.051" errors="0" timestamp="2024-12-24T16:34:13 IST">
  <testcase classname="api.test.petTests" name="testpostPet" time="2.717"/>
  <testcase classname="api.test.petTests" name="testuploadImage" time="7.147"/>
  <testcase classname="api.test.petTests" name="testgetPet" time="3.026"/>
  <testcase classname="api.test.petTests" name="testupdatePet" time="4.043"/>
  <testcase classname="api.test.petTests" name="testdeletePet" time="2.516"/>
  <testcase classname="api.test.storeTests" name="testpostOrder" time="2.27"/>
  <testcase classname="api.test.storeTests" name="testgetOrder" time="1.957"/>
  <testcase classname="api.test.storeTests" name="testdeletOrder" time="2.52"/>
  <testcase classname="api.test.userTests" name="testPostUser" time="2.508"/>
  <testcase classname="api.test.userTests" name="testgetUser" time="2.536"/>
  <testcase classname="api.test.userTests" name="testPutUser" time="3.917"/>
  <testcase classname="api.test.userTests" name="testdeleteUser" time="2.483"/>
</testsuite> <!-- Test -->
