<?xml version="1.0" encoding="UTF-8"?>
<!-- Generated by org.testng.reporters.JUnitXMLReporter -->
<testsuite ignored="0" hostname="DELL" failures="0" tests="8" name="UserTest" time="27.466" errors="0" timestamp="2024-12-23T16:53:00 IST">
  <testcase classname="api.test.petTests" name="testpostPet" time="3.996"/>
  <testcase classname="api.test.petTests" name="testgetPet" time="2.818"/>
  <testcase classname="api.test.petTests" name="testupdatePet" time="4.825"/>
  <testcase classname="api.test.petTests" name="testdeletePet" time="2.293"/>
  <testcase classname="api.test.userTests" name="testPostUser" time="2.29"/>
  <testcase classname="api.test.userTests" name="testgetUser" time="3.224"/>
  <testcase classname="api.test.userTests" name="testPutUser" time="4.965"/>
  <testcase classname="api.test.userTests" name="testdeleteUser" time="2.248"/>
</testsuite> <!-- UserTest -->
