<?xml version="1.0" encoding="UTF-8"?>
<!-- Generated by org.testng.reporters.JUnitXMLReporter -->
<testsuite ignored="0" hostname="DELL" failures="0" tests="6" name="UserTest" time="16.585" errors="0" timestamp="2024-12-21T15:21:08 IST">
  <testcase classname="api.test.DDuserTests" name="testPostUser" time="3.913"/>
  <testcase classname="api.test.DDuserTests" name="testPostUser" time="1.96"/>
  <testcase classname="api.test.DDuserTests" name="testPostUser" time="2.631"/>
  <testcase classname="api.test.DDuserTests" name="testDeleteUser" time="2.439"/>
  <testcase classname="api.test.DDuserTests" name="testDeleteUser" time="1.301"/>
  <testcase classname="api.test.DDuserTests" name="testDeleteUser" time="2.572"/>
</testsuite> <!-- UserTest -->
